[ 2017-07-19T21:28:19+08:00 ] ::1 /TP3/static/css/app.fd8ad8686b28251f0e5d301ab67faa91.css
INFO: [ app_init ] --START--
INFO: Run Behavior\BuildLiteBehavior [ RunTime:0.000077s ]
INFO: [ app_init ] --END-- [ RunTime:0.001427s ]
ERR: 无法加载模块:Static

[ 2017-07-19T21:28:19+08:00 ] ::1 /TP3/static/js/vendor.e1bb22d2d3c01679b1b5.js
INFO: [ app_init ] --START--
INFO: Run Behavior\BuildLiteBehavior [ RunTime:0.000081s ]
INFO: [ app_init ] --END-- [ RunTime:0.001384s ]
ERR: 无法加载模块:Static

[ 2017-07-19T21:28:19+08:00 ] ::1 /TP3/static/js/manifest.1cd75bbe1780389de359.js
INFO: [ app_init ] --START--
INFO: Run Behavior\BuildLiteBehavior [ RunTime:0.000050s ]
INFO: [ app_init ] --END-- [ RunTime:0.001255s ]
ERR: 无法加载模块:Static

[ 2017-07-19T21:28:19+08:00 ] ::1 /TP3/static/js/vendor.e1bb22d2d3c01679b1b5.js
INFO: [ app_init ] --START--
INFO: Run Behavior\BuildLiteBehavior [ RunTime:0.000053s ]
INFO: [ app_init ] --END-- [ RunTime:0.000937s ]
ERR: 无法加载模块:Static

[ 2017-07-19T21:28:19+08:00 ] ::1 /TP3/static/js/app.a6ac84261c27d27c8cae.js
INFO: [ app_init ] --START--
INFO: Run Behavior\BuildLiteBehavior [ RunTime:0.000050s ]
INFO: [ app_init ] --END-- [ RunTime:0.000901s ]
ERR: 无法加载模块:Static

[ 2017-07-19T21:28:20+08:00 ] ::1 /TP3/static/css/app.fd8ad8686b28251f0e5d301ab67faa91.css
INFO: [ app_init ] --START--
INFO: Run Behavior\BuildLiteBehavior [ RunTime:0.000090s ]
INFO: [ app_init ] --END-- [ RunTime:0.001678s ]
ERR: 无法加载模块:Static

[ 2017-07-19T21:28:20+08:00 ] ::1 /TP3/static/js/app.a6ac84261c27d27c8cae.js
INFO: [ app_init ] --START--
INFO: Run Behavior\BuildLiteBehavior [ RunTime:0.000089s ]
INFO: [ app_init ] --END-- [ RunTime:0.001507s ]
ERR: 无法加载模块:Static

[ 2017-07-19T21:28:20+08:00 ] ::1 /TP3/static/js/manifest.1cd75bbe1780389de359.js
INFO: [ app_init ] --START--
INFO: Run Behavior\BuildLiteBehavior [ RunTime:0.000090s ]
INFO: [ app_init ] --END-- [ RunTime:0.001583s ]
ERR: 无法加载模块:Static

[ 2017-07-19T21:28:20+08:00 ] ::1 /TP3/static/js/vendor.e1bb22d2d3c01679b1b5.js
INFO: [ app_init ] --START--
INFO: Run Behavior\BuildLiteBehavior [ RunTime:0.000090s ]
INFO: [ app_init ] --END-- [ RunTime:0.001277s ]
ERR: 无法加载模块:Static

[ 2017-07-19T21:28:20+08:00 ] ::1 /TP3/static/js/app.a6ac84261c27d27c8cae.js
INFO: [ app_init ] --START--
INFO: Run Behavior\BuildLiteBehavior [ RunTime:0.000051s ]
INFO: [ app_init ] --END-- [ RunTime:0.001204s ]
ERR: 无法加载模块:Static

[ 2017-07-19T21:28:44+08:00 ] ::1 /TP3/static/css/app.fd8ad8686b28251f0e5d301ab67faa91.css
INFO: [ app_init ] --START--
INFO: Run Behavior\BuildLiteBehavior [ RunTime:0.000049s ]
INFO: [ app_init ] --END-- [ RunTime:0.000892s ]
ERR: 无法加载模块:Static

[ 2017-07-19T21:29:04+08:00 ] ::1 /TP3/static/css/app.fd8ad8686b28251f0e5d301ab67faa91.css
INFO: [ app_init ] --START--
INFO: Run Behavior\BuildLiteBehavior [ RunTime:0.000049s ]
INFO: [ app_init ] --END-- [ RunTime:0.000886s ]
ERR: 无法加载模块:Static

